[35m[Appium][39m Welcome to Appium v1.22.3
[35m[Appium][39m Non-default server args:
[35m[Appium][39m   port: 55041
[35m[Appium][39m   loglevel: info
[35m[Appium][39m   tmpDir: C:\Users\Lenovo\AppData\Local\Temp\\Katalon\Appium\Temp1694169139467
[35m[Appium][39m   chromedriverPort: 55042
[35m[Appium][39m Deprecated server args:
[35m[Appium][39m   [31m--chromedriver-port[39m => --default-capabilities
[35m[Appium][39m Default capabilities, which will be added to each request unless overridden by desired capabilities:
[35m[Appium][39m   chromedriverPort: 55042
[35m[Appium][39m Appium REST http interface listener started on 0.0.0.0:55041
[35m[HTTP][39m [37m-->[39m [37mGET[39m [37m/wd/hub/status[39m
[35m[HTTP][39m [90m{}[39m
[35m[HTTP][39m [37m<-- GET /wd/hub/status [39m[32m200[39m [90m7 ms - 68[39m
[35m[HTTP][39m [90m[39m
[35m[HTTP][39m [37m-->[39m [37mGET[39m [37m/wd/hub/status[39m
[35m[HTTP][39m [90m{}[39m
[35m[HTTP][39m [37m<-- GET /wd/hub/status [39m[32m200[39m [90m2 ms - 68[39m
[35m[HTTP][39m [90m[39m
[35m[HTTP][39m [37m-->[39m [37mPOST[39m [37m/wd/hub/session[39m
[35m[HTTP][39m [90m{"desiredCapabilities":{"app":"C:\\TELKOM WORK\\Binar Challenge\\Challenge Platinum\\secondhandapps\\Apk\\secondhand-24082023.apk","noReset":true,"appWaitActivity":"*","deviceId":"","deviceName":"Realme RMX1821 (Android 10)","fullReset":false,"platform":"ANDROID","newCommandTimeout":1800,"platformVersion":"10"," appWaitforLaunch":false,"automationName":"uiautomator2","autoGrantPermissions":true,"platformName":"Android","udid":"9LGIS8MJOZ7PZXQS","systemPort":55049},"capabilities":{"firstMatch":[{" appWaitforLaunch":false,"appium:app":"C:\\TELKOM WORK\\Binar Challenge\\Challenge Platinum\\secondhandapps\\Apk\\secondhand-24082023.apk","appium:appWaitActivity":"*","appium:autoGrantPermissions":true,"appium:automationName":"uiautomator2","deviceId":"","appium:deviceName":"Realme RMX1821 (Android 10)","appium:fullReset":false,"appium:newCommandTimeout":1800,"appium:noReset":true,"platform":"ANDROID","platformName":"android","appium:platformVersion":"10","appium:systemPort":55049,"appium:udid":"9LGIS8MJOZ7PZXQS"}]}}[39m
[35m[BaseDriver][39m The following capabilities are not standard capabilities and should have an extension prefix:
[35m[BaseDriver][39m    appWaitforLaunch
[35m[BaseDriver][39m   deviceId
[35m[BaseDriver][39m   platform
[35m[BaseDriver][39m   chromedriverPort
[35m[Appium][39m Appium v1.22.3 creating new AndroidUiautomator2Driver (v1.70.1) session
[35m[BaseDriver][39m The following capabilities were provided, but are not recognized by Appium:
[35m[BaseDriver][39m    appWaitforLaunch
[35m[BaseDriver][39m   deviceId
[35m[BaseDriver][39m   platform
[35m[BaseDriver][39m Session created with session id: 5a2e1fbd-e386-4c68-bdc9-496cba945e11
[35m[BaseDriver][39m Using local app 'C:\TELKOM WORK\Binar Challenge\Challenge Platinum\secondhandapps\Apk\secondhand-24082023.apk'
[35m[ADB][39m Found 2 'build-tools' folders under 'C:\Users\Lenovo\AppData\Local\Android\Sdk' (newest first):
[35m[ADB][39m     C:/Users/Lenovo/AppData/Local/Android/Sdk/build-tools/34.0.0
[35m[ADB][39m     C:/Users/Lenovo/AppData/Local/Android/Sdk/build-tools/33.0.1
[35m[ADB][39m Using 'adb.exe' from 'C:\Users\Lenovo\AppData\Local\Android\Sdk\platform-tools\adb.exe'
[35m[AndroidDriver][39m Retrieving device list
[35m[AndroidDriver][39m Using device: 9LGIS8MJOZ7PZXQS
[35m[ADB][39m Using 'adb.exe' from 'C:\Users\Lenovo\AppData\Local\Android\Sdk\platform-tools\adb.exe'
[35m[ADB][39m Getting device platform version
[35m[UiAutomator2][39m Relaxing hidden api policy
[35m[UiAutomator2][39m Unable to remove system port forward: Error executing adbExec. Original error: 'Command 'C:\\Users\\Lenovo\\AppData\\Local\\Android\\Sdk\\platform-tools\\adb.exe -P 5037 -s 9LGIS8MJOZ7PZXQS forward --remove tcp\:55049' exited with code 1'; Command output: adb.exe: error: listener 'tcp:55049' not found
[35m[UiAutomator2][39m 
[35m[UiAutomator2][39m Restoring hidden api policy to the device default configuration
[35m[HTTP][39m [37m<-- POST /wd/hub/session [39m[31m500[39m [90m902 ms - 9647[39m
[35m[HTTP][39m [90m[39m
